<?xml version="1.0" encoding="UTF-8"?>
<!-- Generated by org.testng.reporters.JUnitReportReporter -->
<testsuite skipped="0" hostname="Sathiyanands-MacBook-Pro.local" name="project1.testCases.LoginTest" tests="1" failures="0" timestamp="2020-08-04T16:16:14 CDT" time="1.354" errors="0">
  <testcase name="login" time="1.354" classname="project1.testCases.LoginTest"/>
  <system-out/>
</testsuite> <!-- project1.testCases.LoginTest -->
